[sailing][${env:SERVER_PORT}] 2022-08-10 19:20:08,961 INFO [main][StartupInfoLogger.java:50] - Starting SailingBootstrap on DESKTOP-6RC64G1 with PID 14976 (D:\IDEA2021.1\workspacepro\huiminpay\sailing\target\classes started by 12719 in D:\IDEA2021.1\workspacepro\huiminpay)
[sailing][${env:SERVER_PORT}] 2022-08-10 19:20:08,980 INFO [main][SpringApplication.java:675] - No active profile set, falling back to default profiles: default
[sailing][${env:SERVER_PORT}] 2022-08-10 19:20:12,900 INFO [main][RepositoryConfigurationDelegate.java:244] - Multiple Spring Data modules found, entering strict repository configuration mode!
[sailing][${env:SERVER_PORT}] 2022-08-10 19:20:12,909 INFO [main][RepositoryConfigurationDelegate.java:126] - Bootstrapping Spring Data repositories in DEFAULT mode.
[sailing][${env:SERVER_PORT}] 2022-08-10 19:20:13,060 INFO [main][RepositoryConfigurationDelegate.java:182] - Finished Spring Data repository scanning in 105ms. Found 0 repository interfaces.
[sailing][${env:SERVER_PORT}] 2022-08-10 19:20:14,785 INFO [main][TomcatWebServer.java:90] - Tomcat initialized with port(s): 56085 (http)
[sailing][${env:SERVER_PORT}] 2022-08-10 19:20:14,852 INFO [main][DirectJDKLog.java:173] - Initializing ProtocolHandler ["http-nio-56085"]
[sailing][${env:SERVER_PORT}] 2022-08-10 19:20:14,881 INFO [main][DirectJDKLog.java:173] - Starting service [Tomcat]
[sailing][${env:SERVER_PORT}] 2022-08-10 19:20:14,883 INFO [main][DirectJDKLog.java:173] - Starting Servlet engine: [Apache Tomcat/9.0.16]
[sailing][${env:SERVER_PORT}] 2022-08-10 19:20:14,995 INFO [main][DirectJDKLog.java:173] - Loaded APR based Apache Tomcat Native library [1.2.31] using APR version [1.7.0].
[sailing][${env:SERVER_PORT}] 2022-08-10 19:20:14,996 INFO [main][DirectJDKLog.java:173] - APR capabilities: IPv6 [true], sendfile [true], accept filters [false], random [true].
[sailing][${env:SERVER_PORT}] 2022-08-10 19:20:14,997 INFO [main][DirectJDKLog.java:173] - APR/OpenSSL configuration: useAprConnector [false], useOpenSSL [true]
[sailing][${env:SERVER_PORT}] 2022-08-10 19:20:15,060 INFO [main][DirectJDKLog.java:173] - OpenSSL successfully initialized [OpenSSL 1.1.1l  24 Aug 2021]
[sailing][${env:SERVER_PORT}] 2022-08-10 19:20:15,888 INFO [main][DirectJDKLog.java:173] - Initializing Spring embedded WebApplicationContext
[sailing][${env:SERVER_PORT}] 2022-08-10 19:20:15,889 INFO [main][ServletWebServerApplicationContext.java:296] - Root WebApplicationContext: initialization completed in 6712 ms
[sailing][${env:SERVER_PORT}] 2022-08-10 19:20:18,070 INFO [main][EndpointLinksResolver.java:59] - Exposing 2 endpoint(s) beneath base path '/actuator'
[sailing][${env:SERVER_PORT}] 2022-08-10 19:20:18,286 INFO [main][PropertySourcedRequestMappingHandlerMapping.java:69] - Mapped URL path [/v2/api-docs] onto method [public org.springframework.http.ResponseEntity<springfox.documentation.spring.web.json.Json> springfox.documentation.swagger2.web.Swagger2Controller.getDocumentation(java.lang.String,javax.servlet.http.HttpServletRequest)]
[sailing][${env:SERVER_PORT}] 2022-08-10 19:20:18,613 INFO [main][ExecutorConfigurationSupport.java:171] - Initializing ExecutorService 'applicationTaskExecutor'
[sailing][${env:SERVER_PORT}] 2022-08-10 19:20:19,248 INFO [main][DocumentationPluginsBootstrapper.java:160] - Context refreshed
[sailing][${env:SERVER_PORT}] 2022-08-10 19:20:19,316 INFO [main][DocumentationPluginsBootstrapper.java:163] - Found 1 custom documentation plugin(s)
[sailing][${env:SERVER_PORT}] 2022-08-10 19:20:19,447 INFO [main][ApiListingReferenceScanner.java:41] - Scanning for api listing references
[sailing][${env:SERVER_PORT}] 2022-08-10 19:20:19,804 INFO [main][DirectJDKLog.java:173] - Starting ProtocolHandler ["http-nio-56085"]
[sailing][${env:SERVER_PORT}] 2022-08-10 19:20:19,853 INFO [main][TomcatWebServer.java:204] - Tomcat started on port(s): 56085 (http) with context path '/sailing'
[sailing][${env:SERVER_PORT}] 2022-08-10 19:20:19,859 INFO [main][StartupInfoLogger.java:59] - Started SailingBootstrap in 11.859 seconds (JVM running for 16.728)
[sailing][${env:SERVER_PORT}] 2022-08-10 19:20:21,002 INFO [RMI TCP Connection(3)-192.168.62.1][DirectJDKLog.java:173] - Initializing Spring DispatcherServlet 'dispatcherServlet'
[sailing][${env:SERVER_PORT}] 2022-08-10 19:20:21,002 INFO [RMI TCP Connection(3)-192.168.62.1][FrameworkServlet.java:524] - Initializing Servlet 'dispatcherServlet'
[sailing][${env:SERVER_PORT}] 2022-08-10 19:20:21,019 INFO [RMI TCP Connection(3)-192.168.62.1][FrameworkServlet.java:546] - Completed initialization in 16 ms
[sailing][${env:SERVER_PORT}] 2022-08-10 19:20:21,510 INFO [RMI TCP Connection(4)-192.168.62.1][EpollProvider.java:68] - Starting without optional epoll library
[sailing][${env:SERVER_PORT}] 2022-08-10 19:20:21,515 INFO [RMI TCP Connection(4)-192.168.62.1][KqueueProvider.java:70] - Starting without optional kqueue library
[sailing][${env:SERVER_PORT}] 2022-08-10 19:59:34,921 INFO [main][StartupInfoLogger.java:50] - Starting SailingBootstrap on DESKTOP-6RC64G1 with PID 24020 (D:\IDEA2021.1\workspacepro\huiminpay\sailing\target\classes started by 12719 in D:\IDEA2021.1\workspacepro\huiminpay)
[sailing][${env:SERVER_PORT}] 2022-08-10 19:59:34,954 INFO [main][SpringApplication.java:675] - No active profile set, falling back to default profiles: default
[sailing][${env:SERVER_PORT}] 2022-08-10 19:59:38,026 INFO [main][RepositoryConfigurationDelegate.java:244] - Multiple Spring Data modules found, entering strict repository configuration mode!
[sailing][${env:SERVER_PORT}] 2022-08-10 19:59:38,034 INFO [main][RepositoryConfigurationDelegate.java:126] - Bootstrapping Spring Data repositories in DEFAULT mode.
[sailing][${env:SERVER_PORT}] 2022-08-10 19:59:38,173 INFO [main][RepositoryConfigurationDelegate.java:182] - Finished Spring Data repository scanning in 99ms. Found 0 repository interfaces.
[sailing][${env:SERVER_PORT}] 2022-08-10 19:59:39,465 INFO [main][TomcatWebServer.java:90] - Tomcat initialized with port(s): 56085 (http)
[sailing][${env:SERVER_PORT}] 2022-08-10 19:59:39,522 INFO [main][DirectJDKLog.java:173] - Initializing ProtocolHandler ["http-nio-56085"]
[sailing][${env:SERVER_PORT}] 2022-08-10 19:59:39,544 INFO [main][DirectJDKLog.java:173] - Starting service [Tomcat]
[sailing][${env:SERVER_PORT}] 2022-08-10 19:59:39,545 INFO [main][DirectJDKLog.java:173] - Starting Servlet engine: [Apache Tomcat/9.0.16]
[sailing][${env:SERVER_PORT}] 2022-08-10 19:59:39,685 INFO [main][DirectJDKLog.java:173] - Loaded APR based Apache Tomcat Native library [1.2.31] using APR version [1.7.0].
[sailing][${env:SERVER_PORT}] 2022-08-10 19:59:39,686 INFO [main][DirectJDKLog.java:173] - APR capabilities: IPv6 [true], sendfile [true], accept filters [false], random [true].
[sailing][${env:SERVER_PORT}] 2022-08-10 19:59:39,686 INFO [main][DirectJDKLog.java:173] - APR/OpenSSL configuration: useAprConnector [false], useOpenSSL [true]
[sailing][${env:SERVER_PORT}] 2022-08-10 19:59:39,693 INFO [main][DirectJDKLog.java:173] - OpenSSL successfully initialized [OpenSSL 1.1.1l  24 Aug 2021]
[sailing][${env:SERVER_PORT}] 2022-08-10 19:59:40,667 INFO [main][DirectJDKLog.java:173] - Initializing Spring embedded WebApplicationContext
[sailing][${env:SERVER_PORT}] 2022-08-10 19:59:40,667 INFO [main][ServletWebServerApplicationContext.java:296] - Root WebApplicationContext: initialization completed in 5619 ms
[sailing][${env:SERVER_PORT}] 2022-08-10 19:59:43,228 INFO [main][EndpointLinksResolver.java:59] - Exposing 2 endpoint(s) beneath base path '/actuator'
[sailing][${env:SERVER_PORT}] 2022-08-10 19:59:43,435 INFO [main][PropertySourcedRequestMappingHandlerMapping.java:69] - Mapped URL path [/v2/api-docs] onto method [public org.springframework.http.ResponseEntity<springfox.documentation.spring.web.json.Json> springfox.documentation.swagger2.web.Swagger2Controller.getDocumentation(java.lang.String,javax.servlet.http.HttpServletRequest)]
[sailing][${env:SERVER_PORT}] 2022-08-10 19:59:43,789 INFO [main][ExecutorConfigurationSupport.java:171] - Initializing ExecutorService 'applicationTaskExecutor'
[sailing][${env:SERVER_PORT}] 2022-08-10 19:59:44,858 INFO [main][DocumentationPluginsBootstrapper.java:160] - Context refreshed
[sailing][${env:SERVER_PORT}] 2022-08-10 19:59:44,940 INFO [main][DocumentationPluginsBootstrapper.java:163] - Found 1 custom documentation plugin(s)
[sailing][${env:SERVER_PORT}] 2022-08-10 19:59:45,027 INFO [main][ApiListingReferenceScanner.java:41] - Scanning for api listing references
[sailing][${env:SERVER_PORT}] 2022-08-10 19:59:45,625 INFO [main][DirectJDKLog.java:173] - Starting ProtocolHandler ["http-nio-56085"]
[sailing][${env:SERVER_PORT}] 2022-08-10 19:59:45,721 INFO [main][TomcatWebServer.java:204] - Tomcat started on port(s): 56085 (http) with context path '/sailing'
[sailing][${env:SERVER_PORT}] 2022-08-10 19:59:45,728 INFO [main][StartupInfoLogger.java:59] - Started SailingBootstrap in 11.72 seconds (JVM running for 15.361)
[sailing][${env:SERVER_PORT}] 2022-08-10 19:59:47,174 INFO [RMI TCP Connection(1)-192.168.62.1][DirectJDKLog.java:173] - Initializing Spring DispatcherServlet 'dispatcherServlet'
[sailing][${env:SERVER_PORT}] 2022-08-10 19:59:47,175 INFO [RMI TCP Connection(1)-192.168.62.1][FrameworkServlet.java:524] - Initializing Servlet 'dispatcherServlet'
[sailing][${env:SERVER_PORT}] 2022-08-10 19:59:47,195 INFO [RMI TCP Connection(1)-192.168.62.1][FrameworkServlet.java:546] - Completed initialization in 20 ms
[sailing][${env:SERVER_PORT}] 2022-08-10 19:59:47,849 INFO [RMI TCP Connection(3)-192.168.62.1][EpollProvider.java:68] - Starting without optional epoll library
[sailing][${env:SERVER_PORT}] 2022-08-10 19:59:47,854 INFO [RMI TCP Connection(3)-192.168.62.1][KqueueProvider.java:70] - Starting without optional kqueue library
